  ActionAddBattery.cpp
  ActionAddBulb.cpp
  ActionAddGround.cpp
  ActionAddRes.cpp
  ActionAddSwitch.cpp
  ActionEDIT.cpp
  ActionLabel.cpp
  ActionSIM_MODE.cpp
  ActionDesignModeSwitch.cpp
  ApplicationManager.cpp
  CMUgraphics.cpp
C:\Users\WIN10\Desktop\Elec Circuit Code Framework\CMUgraphicsLib\CMUgraphics.cpp(257,9): warning C4101: 'iX': unreferenced local variable
C:\Users\WIN10\Desktop\Elec Circuit Code Framework\CMUgraphicsLib\CMUgraphics.cpp(257,13): warning C4101: 'iY': unreferenced local variable
C:\Users\WIN10\Desktop\Elec Circuit Code Framework\CMUgraphicsLib\CMUgraphics.cpp(1357,23): warning C4018: '>': signed/unsigned mismatch
  colors.cpp
  image.cpp
C:\Users\WIN10\Desktop\Elec Circuit Code Framework\CMUgraphicsLib\image.cpp(115,29): warning C4018: '<': signed/unsigned mismatch
  keyqueue.cpp
  mousequeue.cpp
  windowinput.cpp
  Battery.cpp
  Bulb.cpp
  Buzzer.cpp
  Component.cpp
  Generating Code...
  Compiling...
  Connection.cpp
  Ground.cpp
  Resistor.cpp
  Switch.cpp
  main.cpp
  UI.cpp
  Generating Code...
C:\Users\WIN10\Desktop\Elec Circuit Code Framework\UI\UI.cpp(141): warning C4715: 'UI::GetUserAction': not all control paths return a value
  jpegload.c
  jcomapi.c
  jcparam.c
  jdapimin.c
  jdapistd.c
  jdatasrc.c
  jdcoefct.c
  jdcolor.c
  jddctmgr.c
  jdhuff.c
  jdinput.c
  jdmainct.c
  jdmarker.c
  jdmaster.c
  jdmerge.c
  jdphuff.c
  jdpostct.c
  jdsample.c
  jdtrans.c
  jerror.c
C:\Users\WIN10\Desktop\Elec Circuit Code Framework\CMUgraphicsLib\jpeg\jerror.c(169,30): warning C4047: 'function': 'const size_t' differs in levels of indirection from 'const char *'
C:\Users\WIN10\Desktop\Elec Circuit Code Framework\CMUgraphicsLib\jpeg\jerror.c(169,23): warning C4024: 'sprintf_s': different types for formal and actual parameter 2
C:\Users\WIN10\Desktop\Elec Circuit Code Framework\CMUgraphicsLib\jpeg\jerror.c(171,30): warning C4047: 'function': 'const size_t' differs in levels of indirection from 'const char *'
C:\Users\WIN10\Desktop\Elec Circuit Code Framework\CMUgraphicsLib\jpeg\jerror.c(171,23): warning C4024: 'sprintf_s': different types for formal and actual parameter 2
C:\Users\WIN10\Desktop\Elec Circuit Code Framework\CMUgraphicsLib\jpeg\jerror.c(172,24): warning C4047: 'function': 'const char *const ' differs in levels of indirection from 'int'
C:\Users\WIN10\Desktop\Elec Circuit Code Framework\CMUgraphicsLib\jpeg\jerror.c(172,21): warning C4024: 'sprintf_s': different types for formal and actual parameter 3
  Generating Code...
  Compiling...
  jidctflt.c
  jidctfst.c
  jidctint.c
  jidctred.c
  jmemmgr.c
  jmemnobs.c
  jquant1.c
  jquant2.c
  jutils.c
  Generating Code...
  CIE202-Proj.vcxproj -> C:\Users\WIN10\Desktop\Elec Circuit Code Framework\x64\Debug\CIE202-Proj.exe
